<?xml version="1.0" encoding="UTF-8"?>
<testng-results ignored="0" total="1" passed="1" failed="0" skipped="0">
  <reporter-output>
  </reporter-output>
  <suite started-at="2024-08-03T15:31:43 IST" name="Default suite" finished-at="2024-08-03T15:32:20 IST" duration-ms="36935">
    <groups>
    </groups>
    <test started-at="2024-08-03T15:31:43 IST" name="Default test" finished-at="2024-08-03T15:32:20 IST" duration-ms="36935">
      <class name="Pckhgg.Testmaven">
        <test-method is-config="true" signature="avc()[pri:0, instance:Pckhgg.Testmaven@5ab956d7]" started-at="2024-08-03T15:31:43 IST" name="avc" finished-at="2024-08-03T15:32:20 IST" duration-ms="36820" status="PASS">
          <reporter-output>
          </reporter-output>
        </test-method> <!-- avc -->
        <test-method signature="testt()[pri:0, instance:Pckhgg.Testmaven@5ab956d7]" started-at="2024-08-03T15:32:20 IST" name="testt" finished-at="2024-08-03T15:32:20 IST" duration-ms="77" status="PASS">
          <reporter-output>
          </reporter-output>
        </test-method> <!-- testt -->
      </class> <!-- Pckhgg.Testmaven -->
    </test> <!-- Default test -->
  </suite> <!-- Default suite -->
</testng-results>
